<html>
<body>
<pre>
<h1>µVision Build Log</h1>
<h2>Tool Versions:</h2>
IDE-Version: ¦ÌVision V5.34.0.0
Copyright (C) 2021 ARM Ltd and ARM Germany GmbH. All rights reserved.
License Information: Enjory Wang, SCUT, LIC=----
 
Tool Versions:
Toolchain:       MDK-Lite  Version: 5.34.0.0
Toolchain Path:  C:\Keil_v5\ARM\ARMCC\Bin
C Compiler:      Armcc.exe V5.06 update 7 (build 960)
Assembler:       Armasm.exe V5.06 update 7 (build 960)
Linker/Locator:  ArmLink.exe V5.06 update 7 (build 960)
Library Manager: ArmAr.exe V5.06 update 7 (build 960)
Hex Converter:   FromElf.exe V5.06 update 7 (build 960)
CPU DLL:         SARMCM3.DLL V5.34.0.0
Dialog DLL:      DCM.DLL V1.17.3.0
Target DLL:      STLink\ST-LINKIII-KEIL_SWO.dll V3.0.8.0
Dialog DLL:      TCM.DLL V1.48.0.0
 
<h2>Project:</h2>
C:\Users\wangy\Desktop\CAN_TEST\FreeRTOS_test\MDK-ARM\FreeRTOS_test.uvprojx
Project File Date:  01/20/2026

<h2>Output:</h2>
*** Using Compiler 'V5.06 update 7 (build 960)', folder: 'C:\Keil_v5\ARM\ARMCC\Bin'
Build target 'FreeRTOS_test'
assembling startup_stm32f103xe.s...
compiling stm32f1xx_hal_msp.c...
compiling stm32f1xx_it.c...
compiling main.c...
../Core/Src/main.c(48): warning:  #64-D: declaration does not declare anything
  extern CAN_FilterTypeDef;
../Core/Src/main.c(48): warning:  #1000-D: a storage class may not be specified here
  extern CAN_FilterTypeDef;
../Core/Src/main.c(98): error:  #20: identifier "amp" is undefined
  HAL_CAN_ConfigFilter(&amp;hcan1, &amp;can_Filter);
../Core/Src/main.c(98): error:  #165: too few arguments in function call
  HAL_CAN_ConfigFilter(&amp;hcan1, &amp;can_Filter);
../Core/Src/main.c(98): error:  #18: expected a ")"
  HAL_CAN_ConfigFilter(&amp;hcan1, &amp;can_Filter);
../Core/Src/main.c(98): error:  #20: identifier "hcan1" is undefined
  HAL_CAN_ConfigFilter(&amp;hcan1, &amp;can_Filter);
../Core/Src/main.c(98): warning:  #174-D: expression has no effect
  HAL_CAN_ConfigFilter(&amp;hcan1, &amp;can_Filter);
../Core/Src/main.c(98): error:  #65: expected a ";"
  HAL_CAN_ConfigFilter(&amp;hcan1, &amp;can_Filter);
../Core/Src/main.c: 3 warnings, 5 errors
compiling can_process.c...
..\Core\Src\can_process.c(95): warning:  #1-D: last line of file ends without a newline
  }
..\Core\Src\can_process.c: 1 warning, 0 errors
compiling usart.c...
compiling gpio.c...
compiling led_control.c...
compiling can.c...
compiling stm32f1xx_hal_timebase_tim.c...
compiling dma.c...
compiling tim.c...
compiling uart_process.c...
compiling freertos.c...
compiling stm32f1xx_hal_gpio_ex.c...
compiling stm32f1xx_hal.c...
compiling stm32f1xx_hal_cortex.c...
compiling stm32f1xx_hal_rcc_ex.c...
compiling stm32f1xx_hal_pwr.c...
compiling stm32f1xx_hal_gpio.c...
compiling stm32f1xx_hal_flash_ex.c...
compiling stm32f1xx_hal_tim_ex.c...
compiling stm32f1xx_hal_flash.c...
compiling stm32f1xx_hal_can.c...
compiling stm32f1xx_hal_rcc.c...
compiling stm32f1xx_hal_dma.c...
compiling stm32f1xx_hal_tim.c...
compiling stm32f1xx_hal_exti.c...
compiling system_stm32f1xx.c...
compiling stm32f1xx_hal_uart.c...
compiling cmsis_os2.c...
"FreeRTOS_test\FreeRTOS_test.axf" - 5 Error(s), 4 Warning(s).

<h2>Software Packages used:</h2>

Package Vendor: ARM
                http://www.keil.com/pack/ARM.CMSIS.5.7.0.pack
                ARM.CMSIS.5.7.0
                CMSIS (Cortex Microcontroller Software Interface Standard)
   * Component: CORE Version: 5.4.0

Package Vendor: Keil
                http://www.keil.com/pack/Keil.STM32F1xx_DFP.2.3.0.pack
                Keil.STM32F1xx_DFP.2.3.0
                STMicroelectronics STM32F1 Series Device Support, Drivers and Examples

<h2>Collection of Component include folders:</h2>
  .\RTE\_FreeRTOS_test
  C:\Users\wangy\AppData\Local\Arm\Packs\ARM\CMSIS\5.7.0\CMSIS\Core\Include
  C:\Users\wangy\AppData\Local\Arm\Packs\Keil\STM32F1xx_DFP\2.3.0\Device\Include

<h2>Collection of Component Files used:</h2>

   * Component: ARM::CMSIS:CORE:5.4.0
      Include file:  CMSIS\Core\Include\tz_context.h
Target not created.
Build Time Elapsed:  00:00:06
</pre>
</body>
</html>
